<?xml version="1.0" encoding="UTF-8"?>
<!-- Generated by org.testng.reporters.JUnitXMLReporter -->
<testsuite ignored="0" hostname="DESKTOP-41KG1N0" failures="0" tests="1" name="ChromeTest" time="0.194" errors="0" timestamp="2024-05-08T16:56:14 IST">
  <testcase classname="testBase.BaseClass" name="@BeforeClass setup" time="-1.715167574084E9">
    <failure type="org.testng.TestNGException" message="
Parameter &amp;apos;browser&amp;apos; is required by BeforeClass on method setup but has not been marked @Optional or defined
in C:\Users\Naveen A S\Desktop\AutomationProject\Opencart2024\crossbrowser.xml">
      <![CDATA[org.testng.TestNGException: 
Parameter 'browser' is required by BeforeClass on method setup but has not been marked @Optional or defined
in C:\Users\Naveen A S\Desktop\AutomationProject\Opencart2024\crossbrowser.xml
at java.base/java.util.ArrayList.forEach(ArrayList.java:1596)
... Removed 22 stack frames]]>
    </failure>
  </testcase> <!-- @BeforeClass setup -->
  <testcase classname="testBase.BaseClass" name="@AfterClass tearDown" time="0.0">
    <skipped/>
  </testcase> <!-- @AfterClass tearDown -->
  <testcase classname="testCases.Account_Registration" name="registration" time="0.0">
    <skipped/>
  </testcase> <!-- registration -->
</testsuite> <!-- ChromeTest -->
