<?xml version="1.0" encoding="UTF-8"?>
<!-- Generated by org.testng.reporters.JUnitXMLReporter -->
<testsuite ignored="0" hostname="DESKTOP-41KG1N0" failures="0" tests="1" name="Test" time="0.167" errors="0" timestamp="2024-05-23T17:48:40 IST">
  <testcase classname="testBase.BaseClass" name="@BeforeClass setup" time="-1.716466720588E9">
    <failure type="org.testng.TestNGException" message="
Parameter &amp;apos;browser&amp;apos; is required by BeforeClass on method setup but has not been marked @Optional or defined
in C:\Users\Naveen A S\Desktop\AutomationProject\Opencart2024\accregng.xml">
      <![CDATA[org.testng.TestNGException: 
Parameter 'browser' is required by BeforeClass on method setup but has not been marked @Optional or defined
in C:\Users\Naveen A S\Desktop\AutomationProject\Opencart2024\accregng.xml
at java.base/java.util.ArrayList.forEach(ArrayList.java:1596)
... Removed 22 stack frames]]>
    </failure>
  </testcase> <!-- @BeforeClass setup -->
  <testcase classname="testBase.BaseClass" name="@AfterClass tearDown" time="0.0">
    <skipped/>
  </testcase> <!-- @AfterClass tearDown -->
  <testcase classname="testCases.AccountRegistration" name="registration" time="0.001">
    <skipped/>
  </testcase> <!-- registration -->
</testsuite> <!-- Test -->
